#! /c/Source/iverilog-install/bin/vvp
:ivl_version "12.0 (devel)" "(s20150603-1539-g2693dd32b)";
:ivl_delay_selection "TYPICAL";
:vpi_time_precision - 10;
:vpi_module "C:\iverilog\lib\ivl\system.vpi";
:vpi_module "C:\iverilog\lib\ivl\vhdl_sys.vpi";
:vpi_module "C:\iverilog\lib\ivl\vhdl_textio.vpi";
:vpi_module "C:\iverilog\lib\ivl\v2005_math.vpi";
:vpi_module "C:\iverilog\lib\ivl\va_math.vpi";
:vpi_module "C:\iverilog\lib\ivl\v2009.vpi";
S_000002524cb6c150 .scope package, "$unit" "$unit" 2 1;
 .timescale 0 0;
S_000002524cb6c2e0 .scope module, "cpu" "cpu" 3 9;
 .timescale -9 -10;
    .port_info 0 /INPUT 1 "clk";
    .port_info 1 /INPUT 1 "clr";
    .port_info 2 /OUTPUT 8 "o_data";
v000002524cc07010_0 .net "actual_counter_o", 4 0, v000002524cbfb970_0;  1 drivers
v000002524cc076f0_0 .net "actual_instruction", 15 0, v000002524cbfb5b0_0;  1 drivers
v000002524cc06c50_0 .net "adr_counter", 4 0, v000002524cb984b0_0;  1 drivers
v000002524cc06ed0_0 .net "aku_in", 7 0, v000002524cc02bc0_0;  1 drivers
v000002524cc07c90_0 .net "aku_out", 7 0, v000002524cbfb470_0;  1 drivers
o000002524cba1398 .functor BUFZ 1, C4<z>; HiZ drive
v000002524cc07830_0 .net "clk", 0 0, o000002524cba1398;  0 drivers
o000002524cba1ff8 .functor BUFZ 1, C4<z>; HiZ drive
v000002524cc06930_0 .net "clr", 0 0, o000002524cba1ff8;  0 drivers
v000002524cc07dd0_0 .net "dir_data", 7 0, v000002524cbfbb50_0;  1 drivers
v000002524cc06b10_0 .net "dir_load", 0 0, v000002524cbfbc90_0;  1 drivers
v000002524cc069d0_0 .net "load_to_counter", 0 0, v000002524cbfb6f0_0;  1 drivers
v000002524cc07d30_0 .net "memory_adr", 9 0, v000002524cbfa610_0;  1 drivers
v000002524cc075b0_0 .net "memory_data", 7 0, L_000002524cb79750;  1 drivers
v000002524cc070b0_0 .net "memory_rd", 0 0, v000002524cbfa7f0_0;  1 drivers
v000002524cc078d0_0 .net "memory_wr", 0 0, v000002524cbfb3d0_0;  1 drivers
v000002524cc06a70_0 .var "o_data", 7 0;
v000002524cc07790_0 .net "op_block_in", 7 0, v000002524cbfa4d0_0;  1 drivers
v000002524cc07150_0 .net "op_code", 3 0, v000002524cbfad90_0;  1 drivers
v000002524cc07e70_0 .net "register_addr", 2 0, v000002524cbfbe70_0;  1 drivers
v000002524cc07330_0 .net "write_to_normal_aku_en", 0 0, v000002524cb98550_0;  1 drivers
v000002524cc06bb0_0 .net "write_to_reg_en", 0 0, v000002524cbfb8d0_0;  1 drivers
E_000002524cb93590 .event anyedge, v000002524cb987d0_0;
L_000002524cc07bf0 .concat [ 1 1 0 0], v000002524cbfbc90_0, v000002524cbfa7f0_0;
S_000002524cb642f0 .scope module, "data_mem" "md" 3 47, 4 1 0, S_000002524cb6c2e0;
 .timescale 0 0;
    .port_info 0 /INPUT 1 "clk";
    .port_info 1 /INPUT 8 "in_data";
    .port_info 2 /INPUT 10 "addr";
    .port_info 3 /INPUT 1 "wr";
    .port_info 4 /OUTPUT 8 "o_data";
L_000002524cb79750 .functor BUFZ 8, L_000002524cc07a10, C4<00000000>, C4<00000000>, C4<00000000>;
v000002524cb97d30 .array "MEM", 1024 0, 7 0;
v000002524cb97e70_0 .net *"_ivl_0", 7 0, L_000002524cc07a10;  1 drivers
v000002524cb98690_0 .net *"_ivl_2", 11 0, L_000002524cc073d0;  1 drivers
L_000002524cc08168 .functor BUFT 1, C4<00>, C4<0>, C4<0>, C4<0>;
v000002524cb982d0_0 .net *"_ivl_5", 1 0, L_000002524cc08168;  1 drivers
v000002524cb980f0_0 .net "addr", 9 0, v000002524cbfa610_0;  alias, 1 drivers
v000002524cb98730_0 .net "clk", 0 0, o000002524cba1398;  alias, 0 drivers
v000002524cb987d0_0 .net "in_data", 7 0, v000002524cbfb470_0;  alias, 1 drivers
v000002524cb98370_0 .net "o_data", 7 0, L_000002524cb79750;  alias, 1 drivers
v000002524cb98410_0 .net "wr", 0 0, v000002524cbfb3d0_0;  alias, 1 drivers
E_000002524cb92cd0 .event posedge, v000002524cb98730_0;
L_000002524cc07a10 .array/port v000002524cb97d30, L_000002524cc073d0;
L_000002524cc073d0 .concat [ 10 2 0 0], v000002524cbfa610_0, L_000002524cc08168;
S_000002524cb64480 .scope begin, "$ivl_for_loop0" "$ivl_for_loop0" 4 11, 4 11 0, S_000002524cb642f0;
 .timescale 0 0;
v000002524cb98230_0 .var/2s "i", 31 0;
S_000002524cb73110 .scope module, "inst_dec0" "instruction_decoder" 3 40, 5 14 0, S_000002524cb6c2e0;
 .timescale 0 0;
    .port_info 0 /INPUT 16 "instruction";
    .port_info 1 /OUTPUT 4 "operation_code";
    .port_info 2 /OUTPUT 1 "reg_ce";
    .port_info 3 /OUTPUT 1 "aku_enable";
    .port_info 4 /OUTPUT 1 "counter_load";
    .port_info 5 /OUTPUT 3 "register_addr";
    .port_info 6 /OUTPUT 10 "mem_adr";
    .port_info 7 /OUTPUT 1 "mem_wr";
    .port_info 8 /OUTPUT 1 "mem_rd";
    .port_info 9 /OUTPUT 1 "direct_load";
    .port_info 10 /OUTPUT 8 "direct_data";
    .port_info 11 /OUTPUT 5 "address_counter";
v000002524cb984b0_0 .var "address_counter", 4 0;
v000002524cb98550_0 .var "aku_enable", 0 0;
v000002524cbfb6f0_0 .var "counter_load", 0 0;
v000002524cbfbb50_0 .var "direct_data", 7 0;
v000002524cbfbc90_0 .var "direct_load", 0 0;
v000002524cbfa6b0_0 .net "instruction", 15 0, v000002524cbfb5b0_0;  alias, 1 drivers
v000002524cbfa610_0 .var "mem_adr", 9 0;
v000002524cbfa7f0_0 .var "mem_rd", 0 0;
v000002524cbfb3d0_0 .var "mem_wr", 0 0;
v000002524cbfad90_0 .var "operation_code", 3 0;
v000002524cbfb8d0_0 .var "reg_ce", 0 0;
v000002524cbfbe70_0 .var "register_addr", 2 0;
E_000002524cb93150/0 .event anyedge, v000002524cbfa6b0_0, v000002524cbfa6b0_0, v000002524cbfa6b0_0, v000002524cbfa6b0_0;
E_000002524cb93150/1 .event anyedge, v000002524cbfa6b0_0, v000002524cbfa6b0_0, v000002524cbfa6b0_0, v000002524cbfa6b0_0;
E_000002524cb93150/2 .event anyedge, v000002524cbfa6b0_0;
E_000002524cb93150 .event/or E_000002524cb93150/0, E_000002524cb93150/1, E_000002524cb93150/2;
S_000002524cb732a0 .scope module, "mux_in_alu_data" "mux4_1" 3 45, 6 1 0, S_000002524cb6c2e0;
 .timescale -9 -10;
    .port_info 0 /INPUT 8 "a";
    .port_info 1 /INPUT 8 "b";
    .port_info 2 /INPUT 8 "c";
    .port_info 3 /INPUT 8 "d";
    .port_info 4 /INPUT 2 "sel";
    .port_info 5 /OUTPUT 8 "o_data";
v000002524cbfbab0_0 .net "a", 7 0, v000002524cc02bc0_0;  alias, 1 drivers
v000002524cbfa250_0 .net "b", 7 0, v000002524cbfbb50_0;  alias, 1 drivers
v000002524cbfb290_0 .net "c", 7 0, L_000002524cb79750;  alias, 1 drivers
o000002524cba1998 .functor BUFZ 8, C4<zzzzzzzz>; HiZ drive
v000002524cbfb330_0 .net "d", 7 0, o000002524cba1998;  0 drivers
v000002524cbfa4d0_0 .var "o_data", 7 0;
v000002524cbfaf70_0 .net "sel", 1 0, L_000002524cc07bf0;  1 drivers
E_000002524cb93610/0 .event anyedge, v000002524cbfaf70_0, v000002524cbfbab0_0, v000002524cbfbb50_0, v000002524cb98370_0;
E_000002524cb93610/1 .event anyedge, v000002524cbfb330_0;
E_000002524cb93610 .event/or E_000002524cb93610/0, E_000002524cb93610/1;
S_000002524cb61310 .scope module, "op_bl" "operation_block" 3 46, 7 7 0, S_000002524cb6c2e0;
 .timescale -9 -10;
    .port_info 0 /INPUT 4 "operation_code";
    .port_info 1 /INPUT 1 "aku_enable";
    .port_info 2 /INPUT 1 "clk";
    .port_info 3 /INPUT 8 "in_b";
    .port_info 4 /OUTPUT 8 "out_result";
v000002524cbfab10_0 .net "aku_enable", 0 0, v000002524cb98550_0;  alias, 1 drivers
v000002524cbfb790_0 .net "clk", 0 0, o000002524cba1398;  alias, 0 drivers
v000002524cbfb830_0 .net "flag_alu_in", 0 0, v000002524cbfac50_0;  1 drivers
v000002524cbfb010_0 .net "flag_transport", 0 0, L_000002524cc07fb0;  1 drivers
v000002524cbfaa70_0 .net "in_b", 7 0, v000002524cbfa4d0_0;  alias, 1 drivers
v000002524cbfa930_0 .net "operation_code", 3 0, v000002524cbfad90_0;  alias, 1 drivers
v000002524cbfb650_0 .net "operation_result", 7 0, L_000002524cb79440;  1 drivers
v000002524cbfbf10_0 .net "out_result", 7 0, v000002524cbfb470_0;  alias, 1 drivers
S_000002524cb614a0 .scope module, "aku_unit" "aku" 7 22, 8 1 0, S_000002524cb61310;
 .timescale -9 -10;
    .port_info 0 /INPUT 1 "ce";
    .port_info 1 /INPUT 1 "clk";
    .port_info 2 /INPUT 8 "data_in";
    .port_info 3 /OUTPUT 8 "data_out";
v000002524cbfbbf0_0 .net "ce", 0 0, v000002524cb98550_0;  alias, 1 drivers
v000002524cbfaed0_0 .net "clk", 0 0, o000002524cba1398;  alias, 0 drivers
v000002524cbfa570_0 .net "data_in", 7 0, L_000002524cb79440;  alias, 1 drivers
v000002524cbfb470_0 .var "data_out", 7 0;
S_000002524cb74e30 .scope module, "alu_unit" "alu" 7 21, 9 3 0, S_000002524cb61310;
 .timescale -9 -10;
    .port_info 0 /INPUT 1 "Ci";
    .port_info 1 /INPUT 8 "a";
    .port_info 2 /INPUT 8 "b";
    .port_info 3 /INPUT 4 "op";
    .port_info 4 /OUTPUT 8 "out";
    .port_info 5 /OUTPUT 1 "CY";
L_000002524cb79440 .functor BUFZ 8, v000002524cbfa430_0, C4<00000000>, C4<00000000>, C4<00000000>;
v000002524cbfa390_0 .net "CY", 0 0, L_000002524cc07fb0;  alias, 1 drivers
v000002524cbfbd30_0 .var "CY1", 0 0;
v000002524cbfa9d0_0 .net "Ci", 0 0, v000002524cbfac50_0;  alias, 1 drivers
v000002524cbfb0b0_0 .net "a", 7 0, v000002524cbfb470_0;  alias, 1 drivers
v000002524cbfa750_0 .net "b", 7 0, v000002524cbfa4d0_0;  alias, 1 drivers
v000002524cbfb150_0 .net "op", 3 0, v000002524cbfad90_0;  alias, 1 drivers
v000002524cbfb1f0_0 .net "out", 7 0, L_000002524cb79440;  alias, 1 drivers
v000002524cbfa430_0 .var "out1", 7 0;
v000002524cbfa1b0_0 .var "sum", 8 0;
E_000002524cb93710/0 .event anyedge, v000002524cbfad90_0, v000002524cb987d0_0, v000002524cbfa4d0_0, v000002524cbfa9d0_0;
E_000002524cb93710/1 .event anyedge, v000002524cbfa1b0_0;
E_000002524cb93710 .event/or E_000002524cb93710/0, E_000002524cb93710/1;
L_000002524cc07fb0 .part v000002524cbfa1b0_0, 8, 1;
S_000002524cb74fc0 .scope module, "carry_reg" "CY_reg" 7 23, 9 51 0, S_000002524cb61310;
 .timescale -9 -10;
    .port_info 0 /INPUT 1 "flag";
    .port_info 1 /INPUT 1 "ce";
    .port_info 2 /INPUT 1 "clk";
    .port_info 3 /OUTPUT 1 "CY";
v000002524cbfac50_0 .var "CY", 0 0;
v000002524cbfa890_0 .net "ce", 0 0, v000002524cb98550_0;  alias, 1 drivers
v000002524cbfabb0_0 .net "clk", 0 0, o000002524cba1398;  alias, 0 drivers
v000002524cbfbdd0_0 .net "flag", 0 0, L_000002524cc07fb0;  alias, 1 drivers
S_000002524cb68800 .scope module, "prog_counter0" "pc" 3 38, 10 1 0, S_000002524cb6c2e0;
 .timescale 0 0;
    .port_info 0 /INPUT 1 "clk";
    .port_info 1 /INPUT 1 "clr";
    .port_info 2 /OUTPUT 5 "data";
    .port_info 3 /INPUT 1 "load";
    .port_info 4 /INPUT 5 "data_in";
v000002524cbfacf0_0 .net "clk", 0 0, o000002524cba1398;  alias, 0 drivers
v000002524cbfb510_0 .net "clr", 0 0, o000002524cba1ff8;  alias, 0 drivers
v000002524cbfb970_0 .var "data", 4 0;
v000002524cbfba10_0 .net "data_in", 4 0, v000002524cb984b0_0;  alias, 1 drivers
v000002524cbfae30_0 .net "load", 0 0, v000002524cbfb6f0_0;  alias, 1 drivers
S_000002524cb68990 .scope module, "prog_mem0" "pm" 3 39, 11 1 0, S_000002524cb6c2e0;
 .timescale -9 -10;
    .port_info 0 /INPUT 5 "adr";
    .port_info 1 /OUTPUT 16 "data";
v000002524cbfa070 .array "MEM", 0 31, 15 0;
v000002524cbfa110_0 .net "adr", 4 0, v000002524cbfb970_0;  alias, 1 drivers
v000002524cbfb5b0_0 .var "data", 15 0;
v000002524cbfa070_0 .array/port v000002524cbfa070, 0;
v000002524cbfa070_1 .array/port v000002524cbfa070, 1;
v000002524cbfa070_2 .array/port v000002524cbfa070, 2;
E_000002524cb92e50/0 .event anyedge, v000002524cbfb970_0, v000002524cbfa070_0, v000002524cbfa070_1, v000002524cbfa070_2;
v000002524cbfa070_3 .array/port v000002524cbfa070, 3;
v000002524cbfa070_4 .array/port v000002524cbfa070, 4;
v000002524cbfa070_5 .array/port v000002524cbfa070, 5;
v000002524cbfa070_6 .array/port v000002524cbfa070, 6;
E_000002524cb92e50/1 .event anyedge, v000002524cbfa070_3, v000002524cbfa070_4, v000002524cbfa070_5, v000002524cbfa070_6;
v000002524cbfa070_7 .array/port v000002524cbfa070, 7;
v000002524cbfa070_8 .array/port v000002524cbfa070, 8;
v000002524cbfa070_9 .array/port v000002524cbfa070, 9;
v000002524cbfa070_10 .array/port v000002524cbfa070, 10;
E_000002524cb92e50/2 .event anyedge, v000002524cbfa070_7, v000002524cbfa070_8, v000002524cbfa070_9, v000002524cbfa070_10;
v000002524cbfa070_11 .array/port v000002524cbfa070, 11;
v000002524cbfa070_12 .array/port v000002524cbfa070, 12;
v000002524cbfa070_13 .array/port v000002524cbfa070, 13;
v000002524cbfa070_14 .array/port v000002524cbfa070, 14;
E_000002524cb92e50/3 .event anyedge, v000002524cbfa070_11, v000002524cbfa070_12, v000002524cbfa070_13, v000002524cbfa070_14;
v000002524cbfa070_15 .array/port v000002524cbfa070, 15;
v000002524cbfa070_16 .array/port v000002524cbfa070, 16;
v000002524cbfa070_17 .array/port v000002524cbfa070, 17;
v000002524cbfa070_18 .array/port v000002524cbfa070, 18;
E_000002524cb92e50/4 .event anyedge, v000002524cbfa070_15, v000002524cbfa070_16, v000002524cbfa070_17, v000002524cbfa070_18;
v000002524cbfa070_19 .array/port v000002524cbfa070, 19;
v000002524cbfa070_20 .array/port v000002524cbfa070, 20;
v000002524cbfa070_21 .array/port v000002524cbfa070, 21;
v000002524cbfa070_22 .array/port v000002524cbfa070, 22;
E_000002524cb92e50/5 .event anyedge, v000002524cbfa070_19, v000002524cbfa070_20, v000002524cbfa070_21, v000002524cbfa070_22;
v000002524cbfa070_23 .array/port v000002524cbfa070, 23;
v000002524cbfa070_24 .array/port v000002524cbfa070, 24;
v000002524cbfa070_25 .array/port v000002524cbfa070, 25;
v000002524cbfa070_26 .array/port v000002524cbfa070, 26;
E_000002524cb92e50/6 .event anyedge, v000002524cbfa070_23, v000002524cbfa070_24, v000002524cbfa070_25, v000002524cbfa070_26;
v000002524cbfa070_27 .array/port v000002524cbfa070, 27;
v000002524cbfa070_28 .array/port v000002524cbfa070, 28;
v000002524cbfa070_29 .array/port v000002524cbfa070, 29;
v000002524cbfa070_30 .array/port v000002524cbfa070, 30;
E_000002524cb92e50/7 .event anyedge, v000002524cbfa070_27, v000002524cbfa070_28, v000002524cbfa070_29, v000002524cbfa070_30;
v000002524cbfa070_31 .array/port v000002524cbfa070, 31;
E_000002524cb92e50/8 .event anyedge, v000002524cbfa070_31;
E_000002524cb92e50 .event/or E_000002524cb92e50/0, E_000002524cb92e50/1, E_000002524cb92e50/2, E_000002524cb92e50/3, E_000002524cb92e50/4, E_000002524cb92e50/5, E_000002524cb92e50/6, E_000002524cb92e50/7, E_000002524cb92e50/8;
S_000002524cb46160 .scope module, "rf_bl" "rf" 3 44, 12 4 0, S_000002524cb6c2e0;
 .timescale -9 -10;
    .port_info 0 /INPUT 8 "data_in";
    .port_info 1 /INPUT 1 "clk";
    .port_info 2 /INPUT 1 "ce";
    .port_info 3 /INPUT 3 "reg_adr";
    .port_info 4 /OUTPUT 8 "data_out";
L_000002524cc08120 .functor BUFT 1, C4<00000000>, C4<0>, C4<0>, C4<0>;
v000002524cc02ee0_0 .net/2u *"_ivl_10", 7 0, L_000002524cc08120;  1 drivers
v000002524cc010e0_0 .net *"_ivl_12", 7 0, L_000002524cc07b50;  1 drivers
L_000002524cc080d8 .functor BUFT 1, C4<00000001>, C4<0>, C4<0>, C4<0>;
v000002524cc01900_0 .net/2u *"_ivl_8", 7 0, L_000002524cc080d8;  1 drivers
v000002524cc014a0_0 .net "ce", 0 0, v000002524cbfb8d0_0;  alias, 1 drivers
v000002524cc015e0_0 .net "clk", 0 0, o000002524cba1398;  alias, 0 drivers
v000002524cc01720_0 .net "data_in", 7 0, v000002524cbfb470_0;  alias, 1 drivers
v000002524cc017c0_0 .net "data_out", 7 0, v000002524cc02bc0_0;  alias, 1 drivers
v000002524cc01ae0_0 .net "reg_adr", 2 0, v000002524cbfbe70_0;  alias, 1 drivers
v000002524cc019a0_0 .net "reg_ce", 7 0, L_000002524cc07290;  1 drivers
v000002524cc06890 .array "registers", 0 7;
v000002524cc06890_0 .net v000002524cc06890 0, 7 0, v000002524cc02580_0; 1 drivers
v000002524cc06890_1 .net v000002524cc06890 1, 7 0, v000002524cc02260_0; 1 drivers
v000002524cc06890_2 .net v000002524cc06890 2, 7 0, v000002524cc026c0_0; 1 drivers
v000002524cc06890_3 .net v000002524cc06890 3, 7 0, v000002524cc01220_0; 1 drivers
v000002524cc06890_4 .net v000002524cc06890 4, 7 0, v000002524cc02440_0; 1 drivers
v000002524cc06890_5 .net v000002524cc06890 5, 7 0, v000002524cc02800_0; 1 drivers
v000002524cc06890_6 .net v000002524cc06890 6, 7 0, v000002524cc01540_0; 1 drivers
v000002524cc06890_7 .net v000002524cc06890 7, 7 0, v000002524cc02940_0; 1 drivers
L_000002524cc06cf0 .part L_000002524cc07290, 0, 1;
L_000002524cc06e30 .part L_000002524cc07290, 1, 1;
L_000002524cc06390 .part L_000002524cc07290, 2, 1;
L_000002524cc061b0 .part L_000002524cc07290, 3, 1;
L_000002524cc06750 .part L_000002524cc07290, 4, 1;
L_000002524cc07470 .part L_000002524cc07290, 5, 1;
L_000002524cc07f10 .part L_000002524cc07290, 6, 1;
L_000002524cc071f0 .part L_000002524cc07290, 7, 1;
L_000002524cc07b50 .functor MUXZ 8, L_000002524cc08120, L_000002524cc080d8, v000002524cbfb8d0_0, C4<>;
L_000002524cc07290 .shift/l 8, L_000002524cc07b50, v000002524cbfbe70_0;
S_000002524cb462f0 .scope generate, "gen_register[0]" "gen_register[0]" 12 20, 12 20 0, S_000002524cb46160;
 .timescale -9 -10;
P_000002524cb935d0 .param/l "i" 0 12 20, +C4<00>;
S_000002524cb475b0 .scope module, "reg0" "register" 12 21, 13 1 0, S_000002524cb462f0;
 .timescale -9 -10;
    .port_info 0 /INPUT 1 "ce";
    .port_info 1 /INPUT 1 "clk";
    .port_info 2 /INPUT 8 "data_in";
    .port_info 3 /OUTPUT 8 "data_out";
v000002524cbfa2f0_0 .net "ce", 0 0, L_000002524cc06cf0;  1 drivers
v000002524cc01c20_0 .net "clk", 0 0, o000002524cba1398;  alias, 0 drivers
v000002524cc02f80_0 .net "data_in", 7 0, v000002524cbfb470_0;  alias, 1 drivers
v000002524cc02580_0 .var "data_out", 7 0;
S_000002524cb47740 .scope generate, "gen_register[1]" "gen_register[1]" 12 20, 12 20 0, S_000002524cb46160;
 .timescale -9 -10;
P_000002524cb92ed0 .param/l "i" 0 12 20, +C4<01>;
S_000002524cb56a20 .scope module, "reg0" "register" 12 21, 13 1 0, S_000002524cb47740;
 .timescale -9 -10;
    .port_info 0 /INPUT 1 "ce";
    .port_info 1 /INPUT 1 "clk";
    .port_info 2 /INPUT 8 "data_in";
    .port_info 3 /OUTPUT 8 "data_out";
v000002524cc01cc0_0 .net "ce", 0 0, L_000002524cc06e30;  1 drivers
v000002524cc021c0_0 .net "clk", 0 0, o000002524cba1398;  alias, 0 drivers
v000002524cc01d60_0 .net "data_in", 7 0, v000002524cbfb470_0;  alias, 1 drivers
v000002524cc02260_0 .var "data_out", 7 0;
S_000002524cc03f00 .scope generate, "gen_register[2]" "gen_register[2]" 12 20, 12 20 0, S_000002524cb46160;
 .timescale -9 -10;
P_000002524cb93850 .param/l "i" 0 12 20, +C4<010>;
S_000002524cc03d70 .scope module, "reg0" "register" 12 21, 13 1 0, S_000002524cc03f00;
 .timescale -9 -10;
    .port_info 0 /INPUT 1 "ce";
    .port_info 1 /INPUT 1 "clk";
    .port_info 2 /INPUT 8 "data_in";
    .port_info 3 /OUTPUT 8 "data_out";
v000002524cc012c0_0 .net "ce", 0 0, L_000002524cc06390;  1 drivers
v000002524cc028a0_0 .net "clk", 0 0, o000002524cba1398;  alias, 0 drivers
v000002524cc01860_0 .net "data_in", 7 0, v000002524cbfb470_0;  alias, 1 drivers
v000002524cc026c0_0 .var "data_out", 7 0;
S_000002524cc03410 .scope generate, "gen_register[3]" "gen_register[3]" 12 20, 12 20 0, S_000002524cb46160;
 .timescale -9 -10;
P_000002524cb93890 .param/l "i" 0 12 20, +C4<011>;
S_000002524cc035a0 .scope module, "reg0" "register" 12 21, 13 1 0, S_000002524cc03410;
 .timescale -9 -10;
    .port_info 0 /INPUT 1 "ce";
    .port_info 1 /INPUT 1 "clk";
    .port_info 2 /INPUT 8 "data_in";
    .port_info 3 /OUTPUT 8 "data_out";
v000002524cc02300_0 .net "ce", 0 0, L_000002524cc061b0;  1 drivers
v000002524cc01360_0 .net "clk", 0 0, o000002524cba1398;  alias, 0 drivers
v000002524cc01180_0 .net "data_in", 7 0, v000002524cbfb470_0;  alias, 1 drivers
v000002524cc01220_0 .var "data_out", 7 0;
S_000002524cc03730 .scope generate, "gen_register[4]" "gen_register[4]" 12 20, 12 20 0, S_000002524cb46160;
 .timescale -9 -10;
P_000002524cb93910 .param/l "i" 0 12 20, +C4<0100>;
S_000002524cc038c0 .scope module, "reg0" "register" 12 21, 13 1 0, S_000002524cc03730;
 .timescale -9 -10;
    .port_info 0 /INPUT 1 "ce";
    .port_info 1 /INPUT 1 "clk";
    .port_info 2 /INPUT 8 "data_in";
    .port_info 3 /OUTPUT 8 "data_out";
v000002524cc029e0_0 .net "ce", 0 0, L_000002524cc06750;  1 drivers
v000002524cc02080_0 .net "clk", 0 0, o000002524cba1398;  alias, 0 drivers
v000002524cc023a0_0 .net "data_in", 7 0, v000002524cbfb470_0;  alias, 1 drivers
v000002524cc02440_0 .var "data_out", 7 0;
S_000002524cc030f0 .scope generate, "gen_register[5]" "gen_register[5]" 12 20, 12 20 0, S_000002524cb46160;
 .timescale -9 -10;
P_000002524cb93990 .param/l "i" 0 12 20, +C4<0101>;
S_000002524cc03a50 .scope module, "reg0" "register" 12 21, 13 1 0, S_000002524cc030f0;
 .timescale -9 -10;
    .port_info 0 /INPUT 1 "ce";
    .port_info 1 /INPUT 1 "clk";
    .port_info 2 /INPUT 8 "data_in";
    .port_info 3 /OUTPUT 8 "data_out";
v000002524cc01b80_0 .net "ce", 0 0, L_000002524cc07470;  1 drivers
v000002524cc024e0_0 .net "clk", 0 0, o000002524cba1398;  alias, 0 drivers
v000002524cc02620_0 .net "data_in", 7 0, v000002524cbfb470_0;  alias, 1 drivers
v000002524cc02800_0 .var "data_out", 7 0;
S_000002524cc03280 .scope generate, "gen_register[6]" "gen_register[6]" 12 20, 12 20 0, S_000002524cb46160;
 .timescale -9 -10;
P_000002524cb92a10 .param/l "i" 0 12 20, +C4<0110>;
S_000002524cc03be0 .scope module, "reg0" "register" 12 21, 13 1 0, S_000002524cc03280;
 .timescale -9 -10;
    .port_info 0 /INPUT 1 "ce";
    .port_info 1 /INPUT 1 "clk";
    .port_info 2 /INPUT 8 "data_in";
    .port_info 3 /OUTPUT 8 "data_out";
v000002524cc01400_0 .net "ce", 0 0, L_000002524cc07f10;  1 drivers
v000002524cc02b20_0 .net "clk", 0 0, o000002524cba1398;  alias, 0 drivers
v000002524cc02a80_0 .net "data_in", 7 0, v000002524cbfb470_0;  alias, 1 drivers
v000002524cc01540_0 .var "data_out", 7 0;
S_000002524cc04f10 .scope generate, "gen_register[7]" "gen_register[7]" 12 20, 12 20 0, S_000002524cb46160;
 .timescale -9 -10;
P_000002524cb93d50 .param/l "i" 0 12 20, +C4<0111>;
S_000002524cc04740 .scope module, "reg0" "register" 12 21, 13 1 0, S_000002524cc04f10;
 .timescale -9 -10;
    .port_info 0 /INPUT 1 "ce";
    .port_info 1 /INPUT 1 "clk";
    .port_info 2 /INPUT 8 "data_in";
    .port_info 3 /OUTPUT 8 "data_out";
v000002524cc01680_0 .net "ce", 0 0, L_000002524cc071f0;  1 drivers
v000002524cc01a40_0 .net "clk", 0 0, o000002524cba1398;  alias, 0 drivers
v000002524cc02760_0 .net "data_in", 7 0, v000002524cbfb470_0;  alias, 1 drivers
v000002524cc02940_0 .var "data_out", 7 0;
S_000002524cc04290 .scope module, "multiplex" "multi" 12 25, 14 1 0, S_000002524cb46160;
 .timescale -9 -10;
    .port_info 0 /INPUT 8 "a";
    .port_info 1 /INPUT 8 "b";
    .port_info 2 /INPUT 8 "c";
    .port_info 3 /INPUT 8 "d";
    .port_info 4 /INPUT 8 "e";
    .port_info 5 /INPUT 8 "f";
    .port_info 6 /INPUT 8 "g";
    .port_info 7 /INPUT 8 "h";
    .port_info 8 /INPUT 3 "addr";
    .port_info 9 /OUTPUT 8 "choice";
v000002524cc02120_0 .net "a", 7 0, v000002524cc02580_0;  alias, 1 drivers
v000002524cc01e00_0 .net "addr", 2 0, v000002524cbfbe70_0;  alias, 1 drivers
v000002524cc01ea0_0 .net "b", 7 0, v000002524cc02260_0;  alias, 1 drivers
v000002524cc01f40_0 .net "c", 7 0, v000002524cc026c0_0;  alias, 1 drivers
v000002524cc02bc0_0 .var "choice", 7 0;
v000002524cc02c60_0 .net "d", 7 0, v000002524cc01220_0;  alias, 1 drivers
v000002524cc02d00_0 .net "e", 7 0, v000002524cc02440_0;  alias, 1 drivers
v000002524cc01fe0_0 .net "f", 7 0, v000002524cc02800_0;  alias, 1 drivers
v000002524cc02da0_0 .net "g", 7 0, v000002524cc01540_0;  alias, 1 drivers
v000002524cc02e40_0 .net "h", 7 0, v000002524cc02940_0;  alias, 1 drivers
E_000002524cb93f50/0 .event anyedge, v000002524cbfbe70_0, v000002524cc02580_0, v000002524cc02260_0, v000002524cc026c0_0;
E_000002524cb93f50/1 .event anyedge, v000002524cc01220_0, v000002524cc02440_0, v000002524cc02800_0, v000002524cc01540_0;
E_000002524cb93f50/2 .event anyedge, v000002524cc02940_0;
E_000002524cb93f50 .event/or E_000002524cb93f50/0, E_000002524cb93f50/1, E_000002524cb93f50/2;
    .scope S_000002524cb68800;
T_0 ;
    %wait E_000002524cb92cd0;
    %load/vec4 v000002524cbfb510_0;
    %nor/r;
    %flag_set/vec4 8;
    %jmp/0xz  T_0.0, 8;
    %pushi/vec4 0, 0, 5;
    %assign/vec4 v000002524cbfb970_0, 0;
    %jmp T_0.1;
T_0.0 ;
    %load/vec4 v000002524cbfae30_0;
    %flag_set/vec4 8;
    %jmp/0xz  T_0.2, 8;
    %load/vec4 v000002524cbfba10_0;
    %assign/vec4 v000002524cbfb970_0, 0;
    %jmp T_0.3;
T_0.2 ;
    %load/vec4 v000002524cbfb970_0;
    %addi 1, 0, 5;
    %assign/vec4 v000002524cbfb970_0, 0;
T_0.3 ;
T_0.1 ;
    %jmp T_0;
    .thread T_0;
    .scope S_000002524cb68990;
T_1 ;
    %pushi/vec4 49578, 0, 16;
    %ix/load 4, 0, 0;
    %flag_set/imm 4, 0;
    %store/vec4a v000002524cbfa070, 4, 0;
    %pushi/vec4 57344, 0, 16;
    %ix/load 4, 1, 0;
    %flag_set/imm 4, 0;
    %store/vec4a v000002524cbfa070, 4, 0;
    %pushi/vec4 49595, 0, 16;
    %ix/load 4, 2, 0;
    %flag_set/imm 4, 0;
    %store/vec4a v000002524cbfa070, 4, 0;
    %pushi/vec4 49612, 0, 16;
    %ix/load 4, 3, 0;
    %flag_set/imm 4, 0;
    %store/vec4a v000002524cbfa070, 4, 0;
    %pushi/vec4 40960, 0, 16;
    %ix/load 4, 4, 0;
    %flag_set/imm 4, 0;
    %store/vec4a v000002524cbfa070, 4, 0;
    %end;
    .thread T_1;
    .scope S_000002524cb68990;
T_2 ;
Ewait_0 .event/or E_000002524cb92e50, E_0x0;
    %wait Ewait_0;
    %load/vec4 v000002524cbfa110_0;
    %pad/u 7;
    %ix/vec4 4;
    %load/vec4a v000002524cbfa070, 4;
    %store/vec4 v000002524cbfb5b0_0, 0, 16;
    %jmp T_2;
    .thread T_2, $push;
    .scope S_000002524cb73110;
T_3 ;
Ewait_1 .event/or E_000002524cb93150, E_0x0;
    %wait Ewait_1;
    %load/vec4 v000002524cbfa6b0_0;
    %parti/s 4, 12, 5;
    %store/vec4 v000002524cbfad90_0, 0, 4;
    %pushi/vec4 0, 0, 1;
    %store/vec4 v000002524cb98550_0, 0, 1;
    %pushi/vec4 0, 0, 1;
    %store/vec4 v000002524cbfb6f0_0, 0, 1;
    %pushi/vec4 0, 0, 1;
    %store/vec4 v000002524cbfb8d0_0, 0, 1;
    %pushi/vec4 0, 0, 3;
    %store/vec4 v000002524cbfbe70_0, 0, 3;
    %pushi/vec4 0, 0, 1;
    %store/vec4 v000002524cbfb3d0_0, 0, 1;
    %pushi/vec4 0, 0, 1;
    %store/vec4 v000002524cbfa7f0_0, 0, 1;
    %pushi/vec4 0, 0, 1;
    %store/vec4 v000002524cbfbc90_0, 0, 1;
    %pushi/vec4 0, 0, 3;
    %store/vec4 v000002524cbfbe70_0, 0, 3;
    %pushi/vec4 0, 0, 10;
    %store/vec4 v000002524cbfa610_0, 0, 10;
    %pushi/vec4 0, 0, 8;
    %store/vec4 v000002524cbfbb50_0, 0, 8;
    %load/vec4 v000002524cbfa6b0_0;
    %parti/s 1, 15, 5;
    %cmpi/e 0, 0, 1;
    %flag_get/vec4 4;
    %jmp/0 T_3.2, 4;
    %load/vec4 v000002524cbfa6b0_0;
    %parti/s 3, 12, 5;
    %pushi/vec4 6, 0, 3;
    %cmp/ne;
    %flag_get/vec4 4;
    %and;
T_3.2;
    %flag_set/vec4 8;
    %jmp/0xz  T_3.0, 8;
    %load/vec4 v000002524cbfa6b0_0;
    %parti/s 3, 12, 5;
    %cmpi/e 6, 0, 3;
    %jmp/0xz  T_3.3, 4;
    %pushi/vec4 1, 0, 1;
    %store/vec4 v000002524cbfb6f0_0, 0, 1;
    %load/vec4 v000002524cbfa6b0_0;
    %parti/s 5, 0, 2;
    %store/vec4 v000002524cb984b0_0, 0, 5;
    %jmp T_3.4;
T_3.3 ;
    %pushi/vec4 1, 0, 1;
    %store/vec4 v000002524cb98550_0, 0, 1;
    %load/vec4 v000002524cbfa6b0_0;
    %parti/s 1, 8, 5;
    %cmpi/e 0, 0, 1;
    %jmp/0xz  T_3.5, 4;
    %load/vec4 v000002524cbfa6b0_0;
    %parti/s 4, 0, 2;
    %pad/u 3;
    %store/vec4 v000002524cbfbe70_0, 0, 3;
    %jmp T_3.6;
T_3.5 ;
    %load/vec4 v000002524cbfa6b0_0;
    %parti/s 8, 0, 2;
    %store/vec4 v000002524cbfbb50_0, 0, 8;
    %pushi/vec4 1, 0, 1;
    %store/vec4 v000002524cbfbc90_0, 0, 1;
T_3.6 ;
T_3.4 ;
    %jmp T_3.1;
T_3.0 ;
    %load/vec4 v000002524cbfa6b0_0;
    %parti/s 1, 15, 5;
    %cmpi/e 1, 0, 1;
    %jmp/0xz  T_3.7, 4;
    %load/vec4 v000002524cbfa6b0_0;
    %parti/s 3, 12, 5;
    %dup/vec4;
    %pushi/vec4 4, 1, 3;
    %cmp/x;
    %jmp/1 T_3.9, 4;
    %dup/vec4;
    %pushi/vec4 6, 1, 3;
    %cmp/x;
    %jmp/1 T_3.10, 4;
    %dup/vec4;
    %pushi/vec4 0, 1, 3;
    %cmp/x;
    %jmp/1 T_3.11, 4;
    %dup/vec4;
    %pushi/vec4 2, 1, 3;
    %cmp/x;
    %jmp/1 T_3.12, 4;
    %jmp T_3.14;
T_3.9 ;
    %load/vec4 v000002524cbfa6b0_0;
    %parti/s 1, 8, 5;
    %cmpi/e 0, 0, 1;
    %jmp/0xz  T_3.15, 4;
    %pushi/vec4 1, 0, 1;
    %store/vec4 v000002524cbfb8d0_0, 0, 1;
    %load/vec4 v000002524cbfa6b0_0;
    %parti/s 3, 0, 2;
    %store/vec4 v000002524cbfbe70_0, 0, 3;
    %pushi/vec4 0, 0, 1;
    %store/vec4 v000002524cbfbc90_0, 0, 1;
    %jmp T_3.16;
T_3.15 ;
    %load/vec4 v000002524cbfa6b0_0;
    %parti/s 8, 0, 2;
    %store/vec4 v000002524cbfbb50_0, 0, 8;
    %pushi/vec4 1, 0, 1;
    %store/vec4 v000002524cbfbc90_0, 0, 1;
    %pushi/vec4 1, 0, 1;
    %store/vec4 v000002524cb98550_0, 0, 1;
T_3.16 ;
    %jmp T_3.14;
T_3.10 ;
    %load/vec4 v000002524cbfa6b0_0;
    %parti/s 10, 0, 2;
    %store/vec4 v000002524cbfa610_0, 0, 10;
    %pushi/vec4 1, 0, 1;
    %store/vec4 v000002524cbfb3d0_0, 0, 1;
    %jmp T_3.14;
T_3.11 ;
    %load/vec4 v000002524cbfa6b0_0;
    %parti/s 3, 0, 2;
    %store/vec4 v000002524cbfbe70_0, 0, 3;
    %jmp T_3.14;
T_3.12 ;
    %load/vec4 v000002524cbfa6b0_0;
    %parti/s 10, 0, 2;
    %store/vec4 v000002524cbfa610_0, 0, 10;
    %pushi/vec4 1, 0, 1;
    %store/vec4 v000002524cbfa7f0_0, 0, 1;
    %pushi/vec4 1, 0, 1;
    %store/vec4 v000002524cb98550_0, 0, 1;
    %jmp T_3.14;
T_3.14 ;
    %pop/vec4 1;
T_3.7 ;
T_3.1 ;
    %jmp T_3;
    .thread T_3, $push;
    .scope S_000002524cb475b0;
T_4 ;
    %wait E_000002524cb92cd0;
    %load/vec4 v000002524cbfa2f0_0;
    %flag_set/vec4 8;
    %jmp/0xz  T_4.0, 8;
    %load/vec4 v000002524cc02f80_0;
    %assign/vec4 v000002524cc02580_0, 0;
T_4.0 ;
    %jmp T_4;
    .thread T_4;
    .scope S_000002524cb56a20;
T_5 ;
    %wait E_000002524cb92cd0;
    %load/vec4 v000002524cc01cc0_0;
    %flag_set/vec4 8;
    %jmp/0xz  T_5.0, 8;
    %load/vec4 v000002524cc01d60_0;
    %assign/vec4 v000002524cc02260_0, 0;
T_5.0 ;
    %jmp T_5;
    .thread T_5;
    .scope S_000002524cc03d70;
T_6 ;
    %wait E_000002524cb92cd0;
    %load/vec4 v000002524cc012c0_0;
    %flag_set/vec4 8;
    %jmp/0xz  T_6.0, 8;
    %load/vec4 v000002524cc01860_0;
    %assign/vec4 v000002524cc026c0_0, 0;
T_6.0 ;
    %jmp T_6;
    .thread T_6;
    .scope S_000002524cc035a0;
T_7 ;
    %wait E_000002524cb92cd0;
    %load/vec4 v000002524cc02300_0;
    %flag_set/vec4 8;
    %jmp/0xz  T_7.0, 8;
    %load/vec4 v000002524cc01180_0;
    %assign/vec4 v000002524cc01220_0, 0;
T_7.0 ;
    %jmp T_7;
    .thread T_7;
    .scope S_000002524cc038c0;
T_8 ;
    %wait E_000002524cb92cd0;
    %load/vec4 v000002524cc029e0_0;
    %flag_set/vec4 8;
    %jmp/0xz  T_8.0, 8;
    %load/vec4 v000002524cc023a0_0;
    %assign/vec4 v000002524cc02440_0, 0;
T_8.0 ;
    %jmp T_8;
    .thread T_8;
    .scope S_000002524cc03a50;
T_9 ;
    %wait E_000002524cb92cd0;
    %load/vec4 v000002524cc01b80_0;
    %flag_set/vec4 8;
    %jmp/0xz  T_9.0, 8;
    %load/vec4 v000002524cc02620_0;
    %assign/vec4 v000002524cc02800_0, 0;
T_9.0 ;
    %jmp T_9;
    .thread T_9;
    .scope S_000002524cc03be0;
T_10 ;
    %wait E_000002524cb92cd0;
    %load/vec4 v000002524cc01400_0;
    %flag_set/vec4 8;
    %jmp/0xz  T_10.0, 8;
    %load/vec4 v000002524cc02a80_0;
    %assign/vec4 v000002524cc01540_0, 0;
T_10.0 ;
    %jmp T_10;
    .thread T_10;
    .scope S_000002524cc04740;
T_11 ;
    %wait E_000002524cb92cd0;
    %load/vec4 v000002524cc01680_0;
    %flag_set/vec4 8;
    %jmp/0xz  T_11.0, 8;
    %load/vec4 v000002524cc02760_0;
    %assign/vec4 v000002524cc02940_0, 0;
T_11.0 ;
    %jmp T_11;
    .thread T_11;
    .scope S_000002524cc04290;
T_12 ;
Ewait_2 .event/or E_000002524cb93f50, E_0x0;
    %wait Ewait_2;
    %load/vec4 v000002524cc01e00_0;
    %dup/vec4;
    %pushi/vec4 0, 0, 3;
    %cmp/u;
    %jmp/1 T_12.0, 6;
    %dup/vec4;
    %pushi/vec4 1, 0, 3;
    %cmp/u;
    %jmp/1 T_12.1, 6;
    %dup/vec4;
    %pushi/vec4 2, 0, 3;
    %cmp/u;
    %jmp/1 T_12.2, 6;
    %dup/vec4;
    %pushi/vec4 3, 0, 3;
    %cmp/u;
    %jmp/1 T_12.3, 6;
    %dup/vec4;
    %pushi/vec4 4, 0, 3;
    %cmp/u;
    %jmp/1 T_12.4, 6;
    %dup/vec4;
    %pushi/vec4 5, 0, 3;
    %cmp/u;
    %jmp/1 T_12.5, 6;
    %dup/vec4;
    %pushi/vec4 6, 0, 3;
    %cmp/u;
    %jmp/1 T_12.6, 6;
    %dup/vec4;
    %pushi/vec4 7, 0, 3;
    %cmp/u;
    %jmp/1 T_12.7, 6;
    %jmp T_12.8;
T_12.0 ;
    %load/vec4 v000002524cc02120_0;
    %store/vec4 v000002524cc02bc0_0, 0, 8;
    %jmp T_12.8;
T_12.1 ;
    %load/vec4 v000002524cc01ea0_0;
    %store/vec4 v000002524cc02bc0_0, 0, 8;
    %jmp T_12.8;
T_12.2 ;
    %load/vec4 v000002524cc01f40_0;
    %store/vec4 v000002524cc02bc0_0, 0, 8;
    %jmp T_12.8;
T_12.3 ;
    %load/vec4 v000002524cc02c60_0;
    %store/vec4 v000002524cc02bc0_0, 0, 8;
    %jmp T_12.8;
T_12.4 ;
    %load/vec4 v000002524cc02d00_0;
    %store/vec4 v000002524cc02bc0_0, 0, 8;
    %jmp T_12.8;
T_12.5 ;
    %load/vec4 v000002524cc01fe0_0;
    %store/vec4 v000002524cc02bc0_0, 0, 8;
    %jmp T_12.8;
T_12.6 ;
    %load/vec4 v000002524cc02da0_0;
    %store/vec4 v000002524cc02bc0_0, 0, 8;
    %jmp T_12.8;
T_12.7 ;
    %load/vec4 v000002524cc02e40_0;
    %store/vec4 v000002524cc02bc0_0, 0, 8;
    %jmp T_12.8;
T_12.8 ;
    %pop/vec4 1;
    %jmp T_12;
    .thread T_12, $push;
    .scope S_000002524cb732a0;
T_13 ;
Ewait_3 .event/or E_000002524cb93610, E_0x0;
    %wait Ewait_3;
    %load/vec4 v000002524cbfaf70_0;
    %dup/vec4;
    %pushi/vec4 0, 0, 2;
    %cmp/u;
    %jmp/1 T_13.0, 6;
    %dup/vec4;
    %pushi/vec4 1, 0, 2;
    %cmp/u;
    %jmp/1 T_13.1, 6;
    %dup/vec4;
    %pushi/vec4 2, 0, 2;
    %cmp/u;
    %jmp/1 T_13.2, 6;
    %dup/vec4;
    %pushi/vec4 3, 0, 2;
    %cmp/u;
    %jmp/1 T_13.3, 6;
    %jmp T_13.4;
T_13.0 ;
    %load/vec4 v000002524cbfbab0_0;
    %store/vec4 v000002524cbfa4d0_0, 0, 8;
    %jmp T_13.4;
T_13.1 ;
    %load/vec4 v000002524cbfa250_0;
    %store/vec4 v000002524cbfa4d0_0, 0, 8;
    %jmp T_13.4;
T_13.2 ;
    %load/vec4 v000002524cbfb290_0;
    %store/vec4 v000002524cbfa4d0_0, 0, 8;
    %jmp T_13.4;
T_13.3 ;
    %load/vec4 v000002524cbfb330_0;
    %store/vec4 v000002524cbfa4d0_0, 0, 8;
    %jmp T_13.4;
T_13.4 ;
    %pop/vec4 1;
    %jmp T_13;
    .thread T_13, $push;
    .scope S_000002524cb74e30;
T_14 ;
Ewait_4 .event/or E_000002524cb93710, E_0x0;
    %wait Ewait_4;
    %pushi/vec4 0, 0, 9;
    %store/vec4 v000002524cbfa1b0_0, 0, 9;
    %pushi/vec4 0, 0, 1;
    %store/vec4 v000002524cbfbd30_0, 0, 1;
    %load/vec4 v000002524cbfb150_0;
    %dup/vec4;
    %pushi/vec4 0, 0, 4;
    %cmp/u;
    %jmp/1 T_14.0, 6;
    %dup/vec4;
    %pushi/vec4 1, 0, 4;
    %cmp/u;
    %jmp/1 T_14.1, 6;
    %dup/vec4;
    %pushi/vec4 2, 0, 4;
    %cmp/u;
    %jmp/1 T_14.2, 6;
    %dup/vec4;
    %pushi/vec4 3, 0, 4;
    %cmp/u;
    %jmp/1 T_14.3, 6;
    %dup/vec4;
    %pushi/vec4 4, 0, 4;
    %cmp/u;
    %jmp/1 T_14.4, 6;
    %dup/vec4;
    %pushi/vec4 5, 0, 4;
    %cmp/u;
    %jmp/1 T_14.5, 6;
    %load/vec4 v000002524cbfa750_0;
    %store/vec4 v000002524cbfa430_0, 0, 8;
    %jmp T_14.7;
T_14.0 ;
    %load/vec4 v000002524cbfb0b0_0;
    %pad/u 9;
    %load/vec4 v000002524cbfa750_0;
    %pad/u 9;
    %add;
    %load/vec4 v000002524cbfa9d0_0;
    %pad/u 9;
    %add;
    %store/vec4 v000002524cbfa1b0_0, 0, 9;
    %load/vec4 v000002524cbfa1b0_0;
    %parti/s 8, 0, 2;
    %store/vec4 v000002524cbfa430_0, 0, 8;
    %jmp T_14.7;
T_14.1 ;
    %load/vec4 v000002524cbfb0b0_0;
    %load/vec4 v000002524cbfa750_0;
    %sub;
    %load/vec4 v000002524cbfa9d0_0;
    %pad/u 8;
    %sub;
    %store/vec4 v000002524cbfa430_0, 0, 8;
    %jmp T_14.7;
T_14.2 ;
    %load/vec4 v000002524cbfb0b0_0;
    %load/vec4 v000002524cbfa750_0;
    %and;
    %store/vec4 v000002524cbfa430_0, 0, 8;
    %jmp T_14.7;
T_14.3 ;
    %load/vec4 v000002524cbfb0b0_0;
    %load/vec4 v000002524cbfa750_0;
    %or;
    %store/vec4 v000002524cbfa430_0, 0, 8;
    %jmp T_14.7;
T_14.4 ;
    %load/vec4 v000002524cbfb0b0_0;
    %load/vec4 v000002524cbfa750_0;
    %xor;
    %store/vec4 v000002524cbfa430_0, 0, 8;
    %jmp T_14.7;
T_14.5 ;
    %load/vec4 v000002524cbfb0b0_0;
    %inv;
    %store/vec4 v000002524cbfa430_0, 0, 8;
    %jmp T_14.7;
T_14.7 ;
    %pop/vec4 1;
    %jmp T_14;
    .thread T_14, $push;
    .scope S_000002524cb614a0;
T_15 ;
    %wait E_000002524cb92cd0;
    %load/vec4 v000002524cbfbbf0_0;
    %flag_set/vec4 8;
    %jmp/0xz  T_15.0, 8;
    %load/vec4 v000002524cbfa570_0;
    %assign/vec4 v000002524cbfb470_0, 0;
T_15.0 ;
    %jmp T_15;
    .thread T_15;
    .scope S_000002524cb74fc0;
T_16 ;
    %wait E_000002524cb92cd0;
    %load/vec4 v000002524cbfa890_0;
    %flag_set/vec4 8;
    %jmp/0xz  T_16.0, 8;
    %load/vec4 v000002524cbfbdd0_0;
    %assign/vec4 v000002524cbfac50_0, 0;
T_16.0 ;
    %jmp T_16;
    .thread T_16;
    .scope S_000002524cb642f0;
T_17 ;
    %fork t_1, S_000002524cb64480;
    %jmp t_0;
    .scope S_000002524cb64480;
t_1 ;
    %pushi/vec4 0, 0, 32;
    %store/vec4 v000002524cb98230_0, 0, 32;
T_17.0 ;
    %load/vec4 v000002524cb98230_0;
    %cmpi/s 1024, 0, 32;
    %jmp/0xz T_17.1, 5;
    %pushi/vec4 0, 0, 8;
    %ix/getv/s 4, v000002524cb98230_0;
    %store/vec4a v000002524cb97d30, 4, 0;
    ; show_stmt_assign_vector: Get l-value for compressed += operand
    %load/vec4 v000002524cb98230_0;
    %pushi/vec4 1, 0, 32;
    %add;
    %cast2;
    %store/vec4 v000002524cb98230_0, 0, 32;
    %jmp T_17.0;
T_17.1 ;
    %end;
    .scope S_000002524cb642f0;
t_0 %join;
    %end;
    .thread T_17;
    .scope S_000002524cb642f0;
T_18 ;
    %wait E_000002524cb92cd0;
    %load/vec4 v000002524cb98410_0;
    %flag_set/vec4 8;
    %jmp/0xz  T_18.0, 8;
    %load/vec4 v000002524cb987d0_0;
    %load/vec4 v000002524cb980f0_0;
    %pad/u 12;
    %ix/vec4 4;
    %store/vec4a v000002524cb97d30, 4, 0;
T_18.0 ;
    %jmp T_18;
    .thread T_18;
    .scope S_000002524cb6c2e0;
T_19 ;
Ewait_5 .event/or E_000002524cb93590, E_0x0;
    %wait Ewait_5;
    %load/vec4 v000002524cc07c90_0;
    %store/vec4 v000002524cc06a70_0, 0, 8;
    %jmp T_19;
    .thread T_19, $push;
# The file index is used to find the file name in the following table.
:file_names 15;
    "N/A";
    "<interactive>";
    "-";
    "cpu.sv";
    "./md.sv";
    "./instruction_decoder.sv";
    "./mux4_1.sv";
    "./operation_block.sv";
    "./aku.sv";
    "./alu.sv";
    "./pc.sv";
    "./pm.sv";
    "./rf.sv";
    "./register.sv";
    "./multi.sv";
